{"/Users/nandkishor.ghuge/Downloads/deployment/istanbul-test-coverage-example/spec/specs.js":{"path":"/Users/nandkishor.ghuge/Downloads/deployment/istanbul-test-coverage-example/spec/specs.js","s":{"1":1,"2":1,"3":1,"4":1,"5":1,"6":1,"7":1,"8":1},"b":{},"f":{},"fnMap":{},"statementMap":{"1":{"start":{"line":1,"column":0},"end":{"line":1,"column":35}},"2":{"start":{"line":2,"column":0},"end":{"line":2,"column":67}},"3":{"start":{"line":3,"column":0},"end":{"line":3,"column":30}},"4":{"start":{"line":4,"column":0},"end":{"line":10,"column":3}},"5":{"start":{"line":11,"column":0},"end":{"line":11,"column":30}},"6":{"start":{"line":12,"column":0},"end":{"line":12,"column":25}},"7":{"start":{"line":13,"column":0},"end":{"line":13,"column":44}},"8":{"start":{"line":14,"column":0},"end":{"line":14,"column":18}}},"branchMap":{}},"/Users/nandkishor.ghuge/Downloads/deployment/istanbul-test-coverage-example/spec/index.spec.js":{"path":"/Users/nandkishor.ghuge/Downloads/deployment/istanbul-test-coverage-example/spec/index.spec.js","s":{"1":1,"2":1,"3":1,"4":1,"5":1,"6":1,"7":1,"8":1,"9":1,"10":1,"11":1,"12":1,"13":1,"14":1,"15":1,"16":1,"17":1,"18":1,"19":1,"20":1,"21":1},"b":{},"f":{"1":1,"2":1,"3":1,"4":1,"5":1,"6":1,"7":1},"fnMap":{"1":{"name":"(anonymous_1)","line":4,"loc":{"start":{"line":4,"column":26},"end":{"line":4,"column":37}}},"2":{"name":"(anonymous_2)","line":6,"loc":{"start":{"line":6,"column":56},"end":{"line":6,"column":71}}},"3":{"name":"(anonymous_3)","line":13,"loc":{"start":{"line":13,"column":62},"end":{"line":13,"column":77}}},"4":{"name":"(anonymous_4)","line":20,"loc":{"start":{"line":20,"column":46},"end":{"line":20,"column":61}}},"5":{"name":"(anonymous_5)","line":27,"loc":{"start":{"line":27,"column":46},"end":{"line":27,"column":61}}},"6":{"name":"(anonymous_6)","line":34,"loc":{"start":{"line":34,"column":44},"end":{"line":34,"column":59}}},"7":{"name":"(anonymous_7)","line":41,"loc":{"start":{"line":41,"column":66},"end":{"line":41,"column":81}}}},"statementMap":{"1":{"start":{"line":1,"column":0},"end":{"line":1,"column":33}},"2":{"start":{"line":2,"column":0},"end":{"line":2,"column":37}},"3":{"start":{"line":4,"column":0},"end":{"line":47,"column":3}},"4":{"start":{"line":6,"column":4},"end":{"line":11,"column":7}},"5":{"start":{"line":7,"column":8},"end":{"line":7,"column":36}},"6":{"start":{"line":8,"column":8},"end":{"line":10,"column":31}},"7":{"start":{"line":13,"column":4},"end":{"line":18,"column":7}},"8":{"start":{"line":14,"column":8},"end":{"line":14,"column":36}},"9":{"start":{"line":15,"column":8},"end":{"line":17,"column":31}},"10":{"start":{"line":20,"column":4},"end":{"line":25,"column":7}},"11":{"start":{"line":21,"column":8},"end":{"line":21,"column":36}},"12":{"start":{"line":22,"column":8},"end":{"line":24,"column":31}},"13":{"start":{"line":27,"column":4},"end":{"line":32,"column":7}},"14":{"start":{"line":28,"column":8},"end":{"line":28,"column":36}},"15":{"start":{"line":29,"column":8},"end":{"line":31,"column":31}},"16":{"start":{"line":34,"column":4},"end":{"line":39,"column":7}},"17":{"start":{"line":35,"column":8},"end":{"line":35,"column":36}},"18":{"start":{"line":36,"column":8},"end":{"line":38,"column":31}},"19":{"start":{"line":41,"column":4},"end":{"line":46,"column":7}},"20":{"start":{"line":42,"column":8},"end":{"line":42,"column":36}},"21":{"start":{"line":43,"column":8},"end":{"line":45,"column":31}}},"branchMap":{}},"/Users/nandkishor.ghuge/Downloads/deployment/istanbul-test-coverage-example/index.js":{"path":"/Users/nandkishor.ghuge/Downloads/deployment/istanbul-test-coverage-example/index.js","s":{"1":1,"2":1,"3":1,"4":1,"5":1,"6":1,"7":1,"8":1,"9":1,"10":1,"11":0,"12":1,"13":0,"14":1,"15":1,"16":1,"17":1,"18":1,"19":2,"20":1,"21":1,"22":1,"23":4,"24":4,"25":4,"26":4,"27":2,"28":2},"b":{"1":[2,2]},"f":{"1":0,"2":0,"3":1,"4":1,"5":2,"6":4},"fnMap":{"1":{"name":"(anonymous_1)","line":12,"loc":{"start":{"line":12,"column":13},"end":{"line":12,"column":33}}},"2":{"name":"(anonymous_2)","line":16,"loc":{"start":{"line":16,"column":18},"end":{"line":16,"column":38}}},"3":{"name":"(anonymous_3)","line":20,"loc":{"start":{"line":20,"column":21},"end":{"line":20,"column":41}}},"4":{"name":"(anonymous_4)","line":24,"loc":{"start":{"line":24,"column":21},"end":{"line":24,"column":41}}},"5":{"name":"(anonymous_5)","line":28,"loc":{"start":{"line":28,"column":19},"end":{"line":28,"column":39}}},"6":{"name":"handleCalculatorRequest","line":35,"loc":{"start":{"line":35,"column":0},"end":{"line":35,"column":57}}}},"statementMap":{"1":{"start":{"line":1,"column":0},"end":{"line":1,"column":33}},"2":{"start":{"line":2,"column":0},"end":{"line":2,"column":40}},"3":{"start":{"line":3,"column":0},"end":{"line":3,"column":40}},"4":{"start":{"line":4,"column":0},"end":{"line":4,"column":50}},"5":{"start":{"line":5,"column":0},"end":{"line":5,"column":50}},"6":{"start":{"line":6,"column":0},"end":{"line":6,"column":44}},"7":{"start":{"line":7,"column":0},"end":{"line":7,"column":20}},"8":{"start":{"line":9,"column":0},"end":{"line":9,"column":52}},"9":{"start":{"line":10,"column":0},"end":{"line":10,"column":27}},"10":{"start":{"line":12,"column":0},"end":{"line":14,"column":3}},"11":{"start":{"line":13,"column":4},"end":{"line":13,"column":22}},"12":{"start":{"line":16,"column":0},"end":{"line":18,"column":3}},"13":{"start":{"line":17,"column":4},"end":{"line":17,"column":89}},"14":{"start":{"line":20,"column":0},"end":{"line":22,"column":3}},"15":{"start":{"line":21,"column":4},"end":{"line":21,"column":97}},"16":{"start":{"line":24,"column":0},"end":{"line":26,"column":3}},"17":{"start":{"line":25,"column":4},"end":{"line":25,"column":97}},"18":{"start":{"line":28,"column":0},"end":{"line":30,"column":3}},"19":{"start":{"line":29,"column":4},"end":{"line":29,"column":92}},"20":{"start":{"line":32,"column":0},"end":{"line":32,"column":17}},"21":{"start":{"line":33,"column":0},"end":{"line":33,"column":21}},"22":{"start":{"line":35,"column":0},"end":{"line":45,"column":1}},"23":{"start":{"line":36,"column":4},"end":{"line":36,"column":36}},"24":{"start":{"line":37,"column":4},"end":{"line":37,"column":36}},"25":{"start":{"line":38,"column":4},"end":{"line":38,"column":39}},"26":{"start":{"line":40,"column":4},"end":{"line":42,"column":5}},"27":{"start":{"line":41,"column":8},"end":{"line":41,"column":33}},"28":{"start":{"line":44,"column":4},"end":{"line":44,"column":30}}},"branchMap":{"1":{"line":40,"type":"if","locations":[{"start":{"line":40,"column":4},"end":{"line":40,"column":4}},{"start":{"line":40,"column":4},"end":{"line":40,"column":4}}]}}},"/Users/nandkishor.ghuge/Downloads/deployment/istanbul-test-coverage-example/services/adder.js":{"path":"/Users/nandkishor.ghuge/Downloads/deployment/istanbul-test-coverage-example/services/adder.js","s":{"1":1,"2":1,"3":1,"4":1},"b":{},"f":{"1":1,"2":1},"fnMap":{"1":{"name":"adder","line":1,"loc":{"start":{"line":1,"column":0},"end":{"line":1,"column":17}}},"2":{"name":"(anonymous_2)","line":2,"loc":{"start":{"line":2,"column":17},"end":{"line":2,"column":45}}}},"statementMap":{"1":{"start":{"line":1,"column":0},"end":{"line":5,"column":1}},"2":{"start":{"line":2,"column":4},"end":{"line":4,"column":5}},"3":{"start":{"line":3,"column":8},"end":{"line":3,"column":34}},"4":{"start":{"line":7,"column":0},"end":{"line":7,"column":29}}},"branchMap":{}},"/Users/nandkishor.ghuge/Downloads/deployment/istanbul-test-coverage-example/services/subtractor.js":{"path":"/Users/nandkishor.ghuge/Downloads/deployment/istanbul-test-coverage-example/services/subtractor.js","s":{"1":1,"2":1,"3":2,"4":1},"b":{},"f":{"1":1,"2":2},"fnMap":{"1":{"name":"subtract","line":1,"loc":{"start":{"line":1,"column":0},"end":{"line":1,"column":20}}},"2":{"name":"(anonymous_2)","line":2,"loc":{"start":{"line":2,"column":20},"end":{"line":2,"column":48}}}},"statementMap":{"1":{"start":{"line":1,"column":0},"end":{"line":5,"column":1}},"2":{"start":{"line":2,"column":4},"end":{"line":4,"column":5}},"3":{"start":{"line":3,"column":8},"end":{"line":3,"column":34}},"4":{"start":{"line":7,"column":0},"end":{"line":7,"column":32}}},"branchMap":{}},"/Users/nandkishor.ghuge/Downloads/deployment/istanbul-test-coverage-example/services/multiplier.js":{"path":"/Users/nandkishor.ghuge/Downloads/deployment/istanbul-test-coverage-example/services/multiplier.js","s":{"1":1,"2":1,"3":2,"4":1},"b":{},"f":{"1":1,"2":2},"fnMap":{"1":{"name":"multiple","line":1,"loc":{"start":{"line":1,"column":0},"end":{"line":1,"column":20}}},"2":{"name":"(anonymous_2)","line":2,"loc":{"start":{"line":2,"column":20},"end":{"line":2,"column":48}}}},"statementMap":{"1":{"start":{"line":1,"column":0},"end":{"line":5,"column":1}},"2":{"start":{"line":2,"column":4},"end":{"line":4,"column":5}},"3":{"start":{"line":3,"column":8},"end":{"line":3,"column":34}},"4":{"start":{"line":7,"column":0},"end":{"line":7,"column":32}}},"branchMap":{}},"/Users/nandkishor.ghuge/Downloads/deployment/istanbul-test-coverage-example/services/divider.js":{"path":"/Users/nandkishor.ghuge/Downloads/deployment/istanbul-test-coverage-example/services/divider.js","s":{"1":1,"2":1,"3":4,"4":2,"5":2,"6":1},"b":{"1":[2,2]},"f":{"1":1,"2":4},"fnMap":{"1":{"name":"divide","line":1,"loc":{"start":{"line":1,"column":0},"end":{"line":1,"column":18}}},"2":{"name":"(anonymous_2)","line":2,"loc":{"start":{"line":2,"column":18},"end":{"line":2,"column":46}}}},"statementMap":{"1":{"start":{"line":1,"column":0},"end":{"line":8,"column":1}},"2":{"start":{"line":2,"column":4},"end":{"line":7,"column":5}},"3":{"start":{"line":3,"column":8},"end":{"line":5,"column":9}},"4":{"start":{"line":4,"column":12},"end":{"line":4,"column":19}},"5":{"start":{"line":6,"column":8},"end":{"line":6,"column":34}},"6":{"start":{"line":10,"column":0},"end":{"line":10,"column":30}}},"branchMap":{"1":{"line":3,"type":"if","locations":[{"start":{"line":3,"column":8},"end":{"line":3,"column":8}},{"start":{"line":3,"column":8},"end":{"line":3,"column":8}}]}}},"/Users/nandkishor.ghuge/Downloads/deployment/istanbul-test-coverage-example/spec/unit/adder.spec.js":{"path":"/Users/nandkishor.ghuge/Downloads/deployment/istanbul-test-coverage-example/spec/unit/adder.spec.js","s":{"1":1,"2":1,"3":1,"4":1,"5":1,"6":1,"7":1,"8":1,"9":1},"b":{},"f":{"1":1,"2":1},"fnMap":{"1":{"name":"(anonymous_1)","line":3,"loc":{"start":{"line":3,"column":25},"end":{"line":3,"column":36}}},"2":{"name":"(anonymous_2)","line":7,"loc":{"start":{"line":7,"column":56},"end":{"line":7,"column":67}}}},"statementMap":{"1":{"start":{"line":1,"column":0},"end":{"line":1,"column":44}},"2":{"start":{"line":3,"column":0},"end":{"line":14,"column":3}},"3":{"start":{"line":4,"column":4},"end":{"line":4,"column":17}},"4":{"start":{"line":5,"column":4},"end":{"line":5,"column":17}},"5":{"start":{"line":7,"column":4},"end":{"line":13,"column":7}},"6":{"start":{"line":8,"column":8},"end":{"line":8,"column":21}},"7":{"start":{"line":9,"column":8},"end":{"line":9,"column":21}},"8":{"start":{"line":10,"column":8},"end":{"line":10,"column":53}},"9":{"start":{"line":12,"column":8},"end":{"line":12,"column":34}}},"branchMap":{}},"/Users/nandkishor.ghuge/Downloads/deployment/istanbul-test-coverage-example/spec/unit/divider.spec.js":{"path":"/Users/nandkishor.ghuge/Downloads/deployment/istanbul-test-coverage-example/spec/unit/divider.spec.js","s":{"1":1,"2":1,"3":1,"4":1,"5":1,"6":1,"7":1,"8":1,"9":1,"10":1,"11":1,"12":1,"13":1,"14":1},"b":{},"f":{"1":1,"2":1,"3":1},"fnMap":{"1":{"name":"(anonymous_1)","line":3,"loc":{"start":{"line":3,"column":27},"end":{"line":3,"column":38}}},"2":{"name":"(anonymous_2)","line":7,"loc":{"start":{"line":7,"column":51},"end":{"line":7,"column":62}}},"3":{"name":"(anonymous_3)","line":14,"loc":{"start":{"line":14,"column":55},"end":{"line":14,"column":66}}}},"statementMap":{"1":{"start":{"line":1,"column":0},"end":{"line":1,"column":48}},"2":{"start":{"line":3,"column":0},"end":{"line":21,"column":3}},"3":{"start":{"line":4,"column":4},"end":{"line":4,"column":17}},"4":{"start":{"line":5,"column":4},"end":{"line":5,"column":17}},"5":{"start":{"line":7,"column":4},"end":{"line":13,"column":7}},"6":{"start":{"line":8,"column":8},"end":{"line":8,"column":21}},"7":{"start":{"line":9,"column":8},"end":{"line":9,"column":21}},"8":{"start":{"line":10,"column":8},"end":{"line":10,"column":56}},"9":{"start":{"line":12,"column":8},"end":{"line":12,"column":34}},"10":{"start":{"line":14,"column":4},"end":{"line":20,"column":7}},"11":{"start":{"line":15,"column":8},"end":{"line":15,"column":21}},"12":{"start":{"line":16,"column":8},"end":{"line":16,"column":21}},"13":{"start":{"line":17,"column":8},"end":{"line":17,"column":56}},"14":{"start":{"line":19,"column":8},"end":{"line":19,"column":42}}},"branchMap":{}},"/Users/nandkishor.ghuge/Downloads/deployment/istanbul-test-coverage-example/spec/unit/multiplier.spec.js":{"path":"/Users/nandkishor.ghuge/Downloads/deployment/istanbul-test-coverage-example/spec/unit/multiplier.spec.js","s":{"1":1,"2":1,"3":1,"4":1,"5":1,"6":1,"7":1,"8":1,"9":1},"b":{},"f":{"1":1,"2":1},"fnMap":{"1":{"name":"(anonymous_1)","line":3,"loc":{"start":{"line":3,"column":30},"end":{"line":3,"column":41}}},"2":{"name":"(anonymous_2)","line":7,"loc":{"start":{"line":7,"column":52},"end":{"line":7,"column":63}}}},"statementMap":{"1":{"start":{"line":1,"column":0},"end":{"line":1,"column":54}},"2":{"start":{"line":3,"column":0},"end":{"line":14,"column":3}},"3":{"start":{"line":4,"column":4},"end":{"line":4,"column":17}},"4":{"start":{"line":5,"column":4},"end":{"line":5,"column":17}},"5":{"start":{"line":7,"column":4},"end":{"line":13,"column":7}},"6":{"start":{"line":8,"column":8},"end":{"line":8,"column":21}},"7":{"start":{"line":9,"column":8},"end":{"line":9,"column":21}},"8":{"start":{"line":10,"column":8},"end":{"line":10,"column":61}},"9":{"start":{"line":12,"column":8},"end":{"line":12,"column":35}}},"branchMap":{}},"/Users/nandkishor.ghuge/Downloads/deployment/istanbul-test-coverage-example/spec/unit/subtractor.spec.js":{"path":"/Users/nandkishor.ghuge/Downloads/deployment/istanbul-test-coverage-example/spec/unit/subtractor.spec.js","s":{"1":1,"2":1,"3":1,"4":1,"5":1,"6":1,"7":1,"8":1,"9":1},"b":{},"f":{"1":1,"2":1},"fnMap":{"1":{"name":"(anonymous_1)","line":3,"loc":{"start":{"line":3,"column":30},"end":{"line":3,"column":41}}},"2":{"name":"(anonymous_2)","line":7,"loc":{"start":{"line":7,"column":54},"end":{"line":7,"column":65}}}},"statementMap":{"1":{"start":{"line":1,"column":0},"end":{"line":1,"column":54}},"2":{"start":{"line":3,"column":0},"end":{"line":14,"column":3}},"3":{"start":{"line":4,"column":4},"end":{"line":4,"column":17}},"4":{"start":{"line":5,"column":4},"end":{"line":5,"column":17}},"5":{"start":{"line":7,"column":4},"end":{"line":13,"column":7}},"6":{"start":{"line":8,"column":8},"end":{"line":8,"column":21}},"7":{"start":{"line":9,"column":8},"end":{"line":9,"column":21}},"8":{"start":{"line":10,"column":8},"end":{"line":10,"column":61}},"9":{"start":{"line":12,"column":8},"end":{"line":12,"column":34}}},"branchMap":{}}}