TN:
SF:/Users/nandkishor.ghuge/Downloads/deployment/istanbul-test-coverage-example/spec/specs.js
FNF:0
FNH:0
DA:1,1
DA:2,1
DA:3,1
DA:4,1
DA:11,1
DA:12,1
DA:13,1
DA:14,1
LF:8
LH:8
BRF:0
BRH:0
end_of_record
TN:
SF:/Users/nandkishor.ghuge/Downloads/deployment/istanbul-test-coverage-example/spec/index.spec.js
FN:4,(anonymous_1)
FN:6,(anonymous_2)
FN:13,(anonymous_3)
FN:20,(anonymous_4)
FN:27,(anonymous_5)
FN:34,(anonymous_6)
FN:41,(anonymous_7)
FNF:7
FNH:7
FNDA:1,(anonymous_1)
FNDA:1,(anonymous_2)
FNDA:1,(anonymous_3)
FNDA:1,(anonymous_4)
FNDA:1,(anonymous_5)
FNDA:1,(anonymous_6)
FNDA:1,(anonymous_7)
DA:1,1
DA:2,1
DA:4,1
DA:6,1
DA:7,1
DA:8,1
DA:13,1
DA:14,1
DA:15,1
DA:20,1
DA:21,1
DA:22,1
DA:27,1
DA:28,1
DA:29,1
DA:34,1
DA:35,1
DA:36,1
DA:41,1
DA:42,1
DA:43,1
LF:21
LH:21
BRF:0
BRH:0
end_of_record
TN:
SF:/Users/nandkishor.ghuge/Downloads/deployment/istanbul-test-coverage-example/index.js
FN:12,(anonymous_1)
FN:16,(anonymous_2)
FN:20,(anonymous_3)
FN:24,(anonymous_4)
FN:28,(anonymous_5)
FN:35,handleCalculatorRequest
FNF:6
FNH:4
FNDA:0,(anonymous_1)
FNDA:0,(anonymous_2)
FNDA:1,(anonymous_3)
FNDA:1,(anonymous_4)
FNDA:2,(anonymous_5)
FNDA:4,handleCalculatorRequest
DA:1,1
DA:2,1
DA:3,1
DA:4,1
DA:5,1
DA:6,1
DA:7,1
DA:9,1
DA:10,1
DA:12,1
DA:13,0
DA:16,1
DA:17,0
DA:20,1
DA:21,1
DA:24,1
DA:25,1
DA:28,1
DA:29,2
DA:32,1
DA:33,1
DA:35,1
DA:36,4
DA:37,4
DA:38,4
DA:40,4
DA:41,2
DA:44,2
LF:28
LH:26
BRDA:40,1,0,2
BRDA:40,1,1,2
BRF:2
BRH:2
end_of_record
TN:
SF:/Users/nandkishor.ghuge/Downloads/deployment/istanbul-test-coverage-example/services/adder.js
FN:1,adder
FN:2,(anonymous_2)
FNF:2
FNH:2
FNDA:1,adder
FNDA:1,(anonymous_2)
DA:1,1
DA:2,1
DA:3,1
DA:7,1
LF:4
LH:4
BRF:0
BRH:0
end_of_record
TN:
SF:/Users/nandkishor.ghuge/Downloads/deployment/istanbul-test-coverage-example/services/subtractor.js
FN:1,subtract
FN:2,(anonymous_2)
FNF:2
FNH:2
FNDA:1,subtract
FNDA:2,(anonymous_2)
DA:1,1
DA:2,1
DA:3,2
DA:7,1
LF:4
LH:4
BRF:0
BRH:0
end_of_record
TN:
SF:/Users/nandkishor.ghuge/Downloads/deployment/istanbul-test-coverage-example/services/multiplier.js
FN:1,multiple
FN:2,(anonymous_2)
FNF:2
FNH:2
FNDA:1,multiple
FNDA:2,(anonymous_2)
DA:1,1
DA:2,1
DA:3,2
DA:7,1
LF:4
LH:4
BRF:0
BRH:0
end_of_record
TN:
SF:/Users/nandkishor.ghuge/Downloads/deployment/istanbul-test-coverage-example/services/divider.js
FN:1,divide
FN:2,(anonymous_2)
FNF:2
FNH:2
FNDA:1,divide
FNDA:4,(anonymous_2)
DA:1,1
DA:2,1
DA:3,4
DA:4,2
DA:6,2
DA:10,1
LF:6
LH:6
BRDA:3,1,0,2
BRDA:3,1,1,2
BRF:2
BRH:2
end_of_record
TN:
SF:/Users/nandkishor.ghuge/Downloads/deployment/istanbul-test-coverage-example/spec/unit/adder.spec.js
FN:3,(anonymous_1)
FN:7,(anonymous_2)
FNF:2
FNH:2
FNDA:1,(anonymous_1)
FNDA:1,(anonymous_2)
DA:1,1
DA:3,1
DA:4,1
DA:5,1
DA:7,1
DA:8,1
DA:9,1
DA:10,1
DA:12,1
LF:9
LH:9
BRF:0
BRH:0
end_of_record
TN:
SF:/Users/nandkishor.ghuge/Downloads/deployment/istanbul-test-coverage-example/spec/unit/divider.spec.js
FN:3,(anonymous_1)
FN:7,(anonymous_2)
FN:14,(anonymous_3)
FNF:3
FNH:3
FNDA:1,(anonymous_1)
FNDA:1,(anonymous_2)
FNDA:1,(anonymous_3)
DA:1,1
DA:3,1
DA:4,1
DA:5,1
DA:7,1
DA:8,1
DA:9,1
DA:10,1
DA:12,1
DA:14,1
DA:15,1
DA:16,1
DA:17,1
DA:19,1
LF:14
LH:14
BRF:0
BRH:0
end_of_record
TN:
SF:/Users/nandkishor.ghuge/Downloads/deployment/istanbul-test-coverage-example/spec/unit/multiplier.spec.js
FN:3,(anonymous_1)
FN:7,(anonymous_2)
FNF:2
FNH:2
FNDA:1,(anonymous_1)
FNDA:1,(anonymous_2)
DA:1,1
DA:3,1
DA:4,1
DA:5,1
DA:7,1
DA:8,1
DA:9,1
DA:10,1
DA:12,1
LF:9
LH:9
BRF:0
BRH:0
end_of_record
TN:
SF:/Users/nandkishor.ghuge/Downloads/deployment/istanbul-test-coverage-example/spec/unit/subtractor.spec.js
FN:3,(anonymous_1)
FN:7,(anonymous_2)
FNF:2
FNH:2
FNDA:1,(anonymous_1)
FNDA:1,(anonymous_2)
DA:1,1
DA:3,1
DA:4,1
DA:5,1
DA:7,1
DA:8,1
DA:9,1
DA:10,1
DA:12,1
LF:9
LH:9
BRF:0
BRH:0
end_of_record
